1751343367.158209 client started (32182): version 3.5a, socket /private/tmp/tmux-502/default, protocol 8
1751343367.158288 on Darwin 24.5.0 Darwin Kernel Version 24.5.0: Tue Apr 22 19:48:46 PDT 2025; root:xnu-11417.121.6~2/RELEASE_ARM64_T8103
1751343367.158312 using libevent 2.1.12-stable select
1751343367.158331 using utf8proc 2.9.0
1751343367.158344 using ncurses 6.5 20240427
1751343367.158376 flags are 0x10010000
1751343367.158390 socket is /private/tmp/tmux-502/default
1751343367.158409 trying connect
1751343367.158483 add peer 0x158048000: 6 (0x0)
1751343367.162631 sending message 111 to peer 0x158048000 (8 bytes)
1751343367.162651 sending message 111 to peer 0x158048000 (8 bytes)
1751343367.162662 sending message 101 to peer 0x158048000 (14 bytes)
1751343367.162672 sending message 109 to peer 0x158048000 (4 bytes)
1751343367.162682 sending message 102 to peer 0x158048000 (13 bytes)
1751343367.162692 sending message 108 to peer 0x158048000 (35 bytes)
1751343367.162701 sending message 112 to peer 0x158048000 (70 bytes)
1751343367.162711 sending message 112 to peer 0x158048000 (5 bytes)
1751343367.162720 sending message 112 to peer 0x158048000 (5 bytes)
1751343367.162728 sending message 112 to peer 0x158048000 (6 bytes)
1751343367.162737 sending message 112 to peer 0x158048000 (6 bytes)
1751343367.162746 sending message 112 to peer 0x158048000 (11 bytes)
1751343367.162755 sending message 112 to peer 0x158048000 (10 bytes)
1751343367.162764 sending message 112 to peer 0x158048000 (13 bytes)
1751343367.162773 sending message 112 to peer 0x158048000 (13 bytes)
1751343367.162782 sending message 112 to peer 0x158048000 (18 bytes)
1751343367.162791 sending message 112 to peer 0x158048000 (11 bytes)
1751343367.162800 sending message 112 to peer 0x158048000 (10 bytes)
1751343367.162809 sending message 112 to peer 0x158048000 (15 bytes)
1751343367.162818 sending message 112 to peer 0x158048000 (21 bytes)
1751343367.162827 sending message 112 to peer 0x158048000 (13 bytes)
1751343367.162835 sending message 112 to peer 0x158048000 (7 bytes)
1751343367.162844 sending message 112 to peer 0x158048000 (13 bytes)
1751343367.162853 sending message 112 to peer 0x158048000 (7 bytes)
1751343367.162862 sending message 112 to peer 0x158048000 (13 bytes)
1751343367.162871 sending message 112 to peer 0x158048000 (9 bytes)
1751343367.162880 sending message 112 to peer 0x158048000 (21 bytes)
1751343367.162888 sending message 112 to peer 0x158048000 (13 bytes)
1751343367.162897 sending message 112 to peer 0x158048000 (8 bytes)
1751343367.162906 sending message 112 to peer 0x158048000 (12 bytes)
1751343367.162915 sending message 112 to peer 0x158048000 (13 bytes)
1751343367.162923 sending message 112 to peer 0x158048000 (9 bytes)
1751343367.162932 sending message 112 to peer 0x158048000 (9 bytes)
1751343367.162941 sending message 112 to peer 0x158048000 (12 bytes)
1751343367.162950 sending message 112 to peer 0x158048000 (8 bytes)
1751343367.162959 sending message 112 to peer 0x158048000 (8 bytes)
1751343367.162967 sending message 112 to peer 0x158048000 (7 bytes)
1751343367.162976 sending message 112 to peer 0x158048000 (7 bytes)
1751343367.162985 sending message 112 to peer 0x158048000 (9 bytes)
1751343367.162994 sending message 112 to peer 0x158048000 (13 bytes)
1751343367.163003 sending message 112 to peer 0x158048000 (6 bytes)
1751343367.163011 sending message 112 to peer 0x158048000 (9 bytes)
1751343367.163020 sending message 112 to peer 0x158048000 (15 bytes)
1751343367.163029 sending message 112 to peer 0x158048000 (13 bytes)
1751343367.163038 sending message 112 to peer 0x158048000 (12 bytes)
1751343367.163047 sending message 112 to peer 0x158048000 (8 bytes)
1751343367.163055 sending message 112 to peer 0x158048000 (14 bytes)
1751343367.163064 sending message 112 to peer 0x158048000 (11 bytes)
1751343367.163073 sending message 112 to peer 0x158048000 (9 bytes)
1751343367.163082 sending message 112 to peer 0x158048000 (10 bytes)
1751343367.163090 sending message 112 to peer 0x158048000 (10 bytes)
1751343367.163099 sending message 112 to peer 0x158048000 (10 bytes)
1751343367.163123 sending message 112 to peer 0x158048000 (10 bytes)
1751343367.163130 sending message 112 to peer 0x158048000 (11 bytes)
1751343367.163136 sending message 112 to peer 0x158048000 (12 bytes)
1751343367.163143 sending message 112 to peer 0x158048000 (12 bytes)
1751343367.163149 sending message 112 to peer 0x158048000 (12 bytes)
1751343367.163155 sending message 112 to peer 0x158048000 (12 bytes)
1751343367.163161 sending message 112 to peer 0x158048000 (12 bytes)
1751343367.163168 sending message 112 to peer 0x158048000 (11 bytes)
1751343367.163174 sending message 112 to peer 0x158048000 (11 bytes)
1751343367.163180 sending message 112 to peer 0x158048000 (12 bytes)
1751343367.163187 sending message 112 to peer 0x158048000 (12 bytes)
1751343367.163193 sending message 112 to peer 0x158048000 (12 bytes)
1751343367.163199 sending message 112 to peer 0x158048000 (12 bytes)
1751343367.163205 sending message 112 to peer 0x158048000 (12 bytes)
1751343367.163212 sending message 112 to peer 0x158048000 (10 bytes)
1751343367.163218 sending message 112 to peer 0x158048000 (12 bytes)
1751343367.163224 sending message 112 to peer 0x158048000 (13 bytes)
1751343367.163230 sending message 112 to peer 0x158048000 (13 bytes)
1751343367.163237 sending message 112 to peer 0x158048000 (13 bytes)
1751343367.163243 sending message 112 to peer 0x158048000 (13 bytes)
1751343367.163249 sending message 112 to peer 0x158048000 (13 bytes)
1751343367.163255 sending message 112 to peer 0x158048000 (8 bytes)
1751343367.163261 sending message 112 to peer 0x158048000 (11 bytes)
1751343367.163268 sending message 112 to peer 0x158048000 (11 bytes)
1751343367.163274 sending message 112 to peer 0x158048000 (11 bytes)
1751343367.163280 sending message 112 to peer 0x158048000 (12 bytes)
1751343367.163286 sending message 112 to peer 0x158048000 (12 bytes)
1751343367.163293 sending message 112 to peer 0x158048000 (12 bytes)
1751343367.163299 sending message 112 to peer 0x158048000 (12 bytes)
1751343367.163305 sending message 112 to peer 0x158048000 (13 bytes)
1751343367.163311 sending message 112 to peer 0x158048000 (13 bytes)
1751343367.163317 sending message 112 to peer 0x158048000 (13 bytes)
1751343367.163324 sending message 112 to peer 0x158048000 (8 bytes)
1751343367.163330 sending message 112 to peer 0x158048000 (13 bytes)
1751343367.163336 sending message 112 to peer 0x158048000 (13 bytes)
1751343367.163343 sending message 112 to peer 0x158048000 (13 bytes)
1751343367.163349 sending message 112 to peer 0x158048000 (13 bytes)
1751343367.163355 sending message 112 to peer 0x158048000 (13 bytes)
1751343367.163361 sending message 112 to peer 0x158048000 (12 bytes)
1751343367.163368 sending message 112 to peer 0x158048000 (12 bytes)
1751343367.163374 sending message 112 to peer 0x158048000 (12 bytes)
1751343367.163380 sending message 112 to peer 0x158048000 (12 bytes)
1751343367.163386 sending message 112 to peer 0x158048000 (13 bytes)
1751343367.163392 sending message 112 to peer 0x158048000 (8 bytes)
1751343367.163399 sending message 112 to peer 0x158048000 (13 bytes)
1751343367.163405 sending message 112 to peer 0x158048000 (13 bytes)
1751343367.163411 sending message 112 to peer 0x158048000 (13 bytes)
1751343367.163417 sending message 112 to peer 0x158048000 (13 bytes)
1751343367.163424 sending message 112 to peer 0x158048000 (13 bytes)
1751343367.163430 sending message 112 to peer 0x158048000 (13 bytes)
1751343367.163436 sending message 112 to peer 0x158048000 (13 bytes)
1751343367.163442 sending message 112 to peer 0x158048000 (12 bytes)
1751343367.163448 sending message 112 to peer 0x158048000 (12 bytes)
1751343367.163454 sending message 112 to peer 0x158048000 (12 bytes)
1751343367.163460 sending message 112 to peer 0x158048000 (8 bytes)
1751343367.163467 sending message 112 to peer 0x158048000 (12 bytes)
1751343367.163473 sending message 112 to peer 0x158048000 (13 bytes)
1751343367.163479 sending message 112 to peer 0x158048000 (13 bytes)
1751343367.163485 sending message 112 to peer 0x158048000 (13 bytes)
1751343367.163491 sending message 112 to peer 0x158048000 (13 bytes)
1751343367.163509 sending message 112 to peer 0x158048000 (13 bytes)
1751343367.163515 sending message 112 to peer 0x158048000 (13 bytes)
1751343367.163522 sending message 112 to peer 0x158048000 (13 bytes)
1751343367.163528 sending message 112 to peer 0x158048000 (13 bytes)
1751343367.163534 sending message 112 to peer 0x158048000 (12 bytes)
1751343367.163541 sending message 112 to peer 0x158048000 (10 bytes)
1751343367.163547 sending message 112 to peer 0x158048000 (12 bytes)
1751343367.163553 sending message 112 to peer 0x158048000 (12 bytes)
1751343367.163559 sending message 112 to peer 0x158048000 (12 bytes)
1751343367.163566 sending message 112 to peer 0x158048000 (13 bytes)
1751343367.163572 sending message 112 to peer 0x158048000 (13 bytes)
1751343367.163578 sending message 112 to peer 0x158048000 (13 bytes)
1751343367.163584 sending message 112 to peer 0x158048000 (13 bytes)
1751343367.163590 sending message 112 to peer 0x158048000 (13 bytes)
1751343367.163597 sending message 112 to peer 0x158048000 (13 bytes)
1751343367.163603 sending message 112 to peer 0x158048000 (13 bytes)
1751343367.163609 sending message 112 to peer 0x158048000 (10 bytes)
1751343367.163615 sending message 112 to peer 0x158048000 (13 bytes)
1751343367.163621 sending message 112 to peer 0x158048000 (12 bytes)
1751343367.163628 sending message 112 to peer 0x158048000 (12 bytes)
1751343367.163634 sending message 112 to peer 0x158048000 (12 bytes)
1751343367.163640 sending message 112 to peer 0x158048000 (10 bytes)
1751343367.163646 sending message 112 to peer 0x158048000 (10 bytes)
1751343367.163653 sending message 112 to peer 0x158048000 (10 bytes)
1751343367.163659 sending message 112 to peer 0x158048000 (12 bytes)
1751343367.163665 sending message 112 to peer 0x158048000 (13 bytes)
1751343367.163671 sending message 112 to peer 0x158048000 (13 bytes)
1751343367.163678 sending message 112 to peer 0x158048000 (13 bytes)
1751343367.163684 sending message 112 to peer 0x158048000 (13 bytes)
1751343367.163690 sending message 112 to peer 0x158048000 (13 bytes)
1751343367.163696 sending message 112 to peer 0x158048000 (11 bytes)
1751343367.163703 sending message 112 to peer 0x158048000 (11 bytes)
1751343367.163709 sending message 112 to peer 0x158048000 (12 bytes)
1751343367.163715 sending message 112 to peer 0x158048000 (12 bytes)
1751343367.163722 sending message 112 to peer 0x158048000 (12 bytes)
1751343367.163728 sending message 112 to peer 0x158048000 (12 bytes)
1751343367.163734 sending message 112 to peer 0x158048000 (12 bytes)
1751343367.163740 sending message 112 to peer 0x158048000 (11 bytes)
1751343367.163747 sending message 112 to peer 0x158048000 (12 bytes)
1751343367.163753 sending message 112 to peer 0x158048000 (12 bytes)
1751343367.163759 sending message 112 to peer 0x158048000 (13 bytes)
1751343367.163765 sending message 112 to peer 0x158048000 (13 bytes)
1751343367.163771 sending message 112 to peer 0x158048000 (13 bytes)
1751343367.163778 sending message 112 to peer 0x158048000 (13 bytes)
1751343367.163784 sending message 112 to peer 0x158048000 (13 bytes)
1751343367.163790 sending message 112 to peer 0x158048000 (10 bytes)
1751343367.163796 sending message 112 to peer 0x158048000 (9 bytes)
1751343367.163802 sending message 112 to peer 0x158048000 (12 bytes)
1751343367.163809 sending message 112 to peer 0x158048000 (13 bytes)
1751343367.163815 sending message 112 to peer 0x158048000 (13 bytes)
1751343367.163821 sending message 112 to peer 0x158048000 (13 bytes)
1751343367.163827 sending message 112 to peer 0x158048000 (13 bytes)
1751343367.163833 sending message 112 to peer 0x158048000 (13 bytes)
1751343367.163840 sending message 112 to peer 0x158048000 (9 bytes)
1751343367.163846 sending message 112 to peer 0x158048000 (12 bytes)
1751343367.163852 sending message 112 to peer 0x158048000 (13 bytes)
1751343367.163859 sending message 112 to peer 0x158048000 (13 bytes)
1751343367.163865 sending message 112 to peer 0x158048000 (13 bytes)
1751343367.163871 sending message 112 to peer 0x158048000 (13 bytes)
1751343367.163887 sending message 112 to peer 0x158048000 (13 bytes)
1751343367.163893 sending message 112 to peer 0x158048000 (11 bytes)
1751343367.163899 sending message 112 to peer 0x158048000 (12 bytes)
1751343367.163906 sending message 112 to peer 0x158048000 (13 bytes)
1751343367.163912 sending message 112 to peer 0x158048000 (13 bytes)
1751343367.163918 sending message 112 to peer 0x158048000 (13 bytes)
1751343367.163924 sending message 112 to peer 0x158048000 (13 bytes)
1751343367.163930 sending message 112 to peer 0x158048000 (13 bytes)
1751343367.163937 sending message 112 to peer 0x158048000 (11 bytes)
1751343367.163943 sending message 112 to peer 0x158048000 (12 bytes)
1751343367.163949 sending message 112 to peer 0x158048000 (12 bytes)
1751343367.163955 sending message 112 to peer 0x158048000 (12 bytes)
1751343367.163962 sending message 112 to peer 0x158048000 (12 bytes)
1751343367.163968 sending message 112 to peer 0x158048000 (12 bytes)
1751343367.163974 sending message 112 to peer 0x158048000 (21 bytes)
1751343367.163980 sending message 112 to peer 0x158048000 (12 bytes)
1751343367.163987 sending message 112 to peer 0x158048000 (9 bytes)
1751343367.163993 sending message 112 to peer 0x158048000 (6 bytes)
1751343367.163999 sending message 112 to peer 0x158048000 (13 bytes)
1751343367.164006 sending message 112 to peer 0x158048000 (8 bytes)
1751343367.164012 sending message 112 to peer 0x158048000 (15 bytes)
1751343367.164018 sending message 112 to peer 0x158048000 (13 bytes)
1751343367.164024 sending message 112 to peer 0x158048000 (9 bytes)
1751343367.164031 sending message 112 to peer 0x158048000 (70 bytes)
1751343367.164037 sending message 112 to peer 0x158048000 (69 bytes)
1751343367.164043 sending message 112 to peer 0x158048000 (10 bytes)
1751343367.164050 sending message 112 to peer 0x158048000 (10 bytes)
1751343367.164056 sending message 112 to peer 0x158048000 (8 bytes)
1751343367.164062 sending message 112 to peer 0x158048000 (15 bytes)
1751343367.164069 sending message 112 to peer 0x158048000 (13 bytes)
1751343367.164075 sending message 112 to peer 0x158048000 (10 bytes)
1751343367.164081 sending message 112 to peer 0x158048000 (10 bytes)
1751343367.164087 sending message 112 to peer 0x158048000 (17 bytes)
1751343367.164094 sending message 112 to peer 0x158048000 (10 bytes)
1751343367.164100 sending message 112 to peer 0x158048000 (13 bytes)
1751343367.164106 sending message 112 to peer 0x158048000 (9 bytes)
1751343367.164113 sending message 112 to peer 0x158048000 (5 bytes)
1751343367.164119 sending message 112 to peer 0x158048000 (15 bytes)
1751343367.164129 sending message 104 to peer 0x158048000 (0 bytes)
1751343367.164137 sending message 110 to peer 0x158048000 (0 bytes)
1751343367.164143 sending message 107 to peer 0x158048000 (4 bytes)
1751343367.164150 sending message 105 to peer 0x158048000 (83 bytes)
1751343367.164156 sending message 105 to peer 0x158048000 (87 bytes)
1751343367.164162 sending message 105 to peer 0x158048000 (31 bytes)
1751343367.164169 sending message 105 to peer 0x158048000 (20 bytes)
1751343367.164175 sending message 105 to peer 0x158048000 (22 bytes)
1751343367.164181 sending message 105 to peer 0x158048000 (27 bytes)
1751343367.164188 sending message 105 to peer 0x158048000 (37 bytes)
1751343367.164194 sending message 105 to peer 0x158048000 (30 bytes)
1751343367.164200 sending message 105 to peer 0x158048000 (34 bytes)
1751343367.164207 sending message 105 to peer 0x158048000 (60 bytes)
1751343367.164213 sending message 105 to peer 0x158048000 (74 bytes)
1751343367.164219 sending message 105 to peer 0x158048000 (64 bytes)
1751343367.164226 sending message 105 to peer 0x158048000 (15 bytes)
1751343367.164232 sending message 105 to peer 0x158048000 (8 bytes)
1751343367.164238 sending message 105 to peer 0x158048000 (23 bytes)
1751343367.164244 sending message 105 to peer 0x158048000 (32 bytes)
1751343367.164251 sending message 105 to peer 0x158048000 (96 bytes)
1751343367.164257 sending message 105 to peer 0x158048000 (66 bytes)
1751343367.164276 sending message 105 to peer 0x158048000 (62 bytes)
1751343367.164283 sending message 105 to peer 0x158048000 (16 bytes)
1751343367.164289 sending message 105 to peer 0x158048000 (35 bytes)
1751343367.164303 sending message 105 to peer 0x158048000 (71 bytes)
1751343367.164310 sending message 105 to peer 0x158048000 (47 bytes)
1751343367.164316 sending message 105 to peer 0x158048000 (12 bytes)
1751343367.164322 sending message 105 to peer 0x158048000 (11 bytes)
1751343367.164329 sending message 105 to peer 0x158048000 (736 bytes)
1751343367.164336 sending message 105 to peer 0x158048000 (39 bytes)
1751343367.164342 sending message 105 to peer 0x158048000 (46 bytes)
1751343367.164349 sending message 105 to peer 0x158048000 (63 bytes)
1751343367.164361 sending message 105 to peer 0x158048000 (41 bytes)
1751343367.164368 sending message 105 to peer 0x158048000 (28 bytes)
1751343367.164374 sending message 105 to peer 0x158048000 (15 bytes)
1751343367.164381 sending message 105 to peer 0x158048000 (8 bytes)
1751343367.164387 sending message 105 to peer 0x158048000 (66 bytes)
1751343367.164393 sending message 105 to peer 0x158048000 (19 bytes)
1751343367.164400 sending message 105 to peer 0x158048000 (18 bytes)
1751343367.164406 sending message 105 to peer 0x158048000 (26 bytes)
1751343367.164412 sending message 105 to peer 0x158048000 (57 bytes)
1751343367.164419 sending message 105 to peer 0x158048000 (43 bytes)
1751343367.164425 sending message 105 to peer 0x158048000 (13 bytes)
1751343367.164431 sending message 105 to peer 0x158048000 (62 bytes)
1751343367.164437 sending message 105 to peer 0x158048000 (20 bytes)
1751343367.164443 sending message 105 to peer 0x158048000 (20 bytes)
1751343367.164449 sending message 105 to peer 0x158048000 (14 bytes)
1751343367.164456 sending message 105 to peer 0x158048000 (19 bytes)
1751343367.164462 sending message 105 to peer 0x158048000 (37 bytes)
1751343367.164468 sending message 105 to peer 0x158048000 (26 bytes)
1751343367.164474 sending message 105 to peer 0x158048000 (22 bytes)
1751343367.164480 sending message 105 to peer 0x158048000 (35 bytes)
1751343367.164486 sending message 105 to peer 0x158048000 (32 bytes)
1751343367.164492 sending message 105 to peer 0x158048000 (10 bytes)
1751343367.164499 sending message 105 to peer 0x158048000 (25 bytes)
1751343367.164505 sending message 106 to peer 0x158048000 (0 bytes)
1751343367.164630 sending message 200 to peer 0x158048000 (4 bytes)
1751343367.164641 client loop enter
1751343367.165074 peer 0x158048000 message 303
1751343367.165100 open write file 2 -
1751343367.165143 sending message 305 to peer 0x158048000 (8 bytes)
1751343367.165169 write check file 2
1751343367.165248 peer 0x158048000 message 304
1751343367.165260 write 58 to file 2
1751343367.165281 peer 0x158048000 message 203
1751343367.165289 file 2 58 bytes left
1751343367.165311 write check file 2
1751343367.165318 client loop exit
