1751343357.955748 client started (32050): version 3.5a, socket /private/tmp/tmux-502/default, protocol 8
1751343357.955781 on Darwin 24.5.0 Darwin Kernel Version 24.5.0: Tue Apr 22 19:48:46 PDT 2025; root:xnu-11417.121.6~2/RELEASE_ARM64_T8103
1751343357.955788 using libevent 2.1.12-stable select
1751343357.955804 using utf8proc 2.9.0
1751343357.955808 using ncurses 6.5 20240427
1751343357.955819 flags are 0x10010000
1751343357.955822 socket is /private/tmp/tmux-502/default
1751343357.955831 trying connect
1751343357.955864 add peer 0x120048000: 6 (0x0)
1751343357.958705 sending message 111 to peer 0x120048000 (8 bytes)
1751343357.958713 sending message 111 to peer 0x120048000 (8 bytes)
1751343357.958716 sending message 101 to peer 0x120048000 (14 bytes)
1751343357.958720 sending message 109 to peer 0x120048000 (4 bytes)
1751343357.958723 sending message 102 to peer 0x120048000 (13 bytes)
1751343357.958727 sending message 108 to peer 0x120048000 (35 bytes)
1751343357.958730 sending message 112 to peer 0x120048000 (70 bytes)
1751343357.958733 sending message 112 to peer 0x120048000 (5 bytes)
1751343357.958736 sending message 112 to peer 0x120048000 (5 bytes)
1751343357.958740 sending message 112 to peer 0x120048000 (6 bytes)
1751343357.958743 sending message 112 to peer 0x120048000 (6 bytes)
1751343357.958746 sending message 112 to peer 0x120048000 (11 bytes)
1751343357.958749 sending message 112 to peer 0x120048000 (10 bytes)
1751343357.958752 sending message 112 to peer 0x120048000 (13 bytes)
1751343357.958755 sending message 112 to peer 0x120048000 (13 bytes)
1751343357.958759 sending message 112 to peer 0x120048000 (18 bytes)
1751343357.958762 sending message 112 to peer 0x120048000 (11 bytes)
1751343357.958765 sending message 112 to peer 0x120048000 (10 bytes)
1751343357.958768 sending message 112 to peer 0x120048000 (15 bytes)
1751343357.958771 sending message 112 to peer 0x120048000 (21 bytes)
1751343357.958774 sending message 112 to peer 0x120048000 (13 bytes)
1751343357.958777 sending message 112 to peer 0x120048000 (7 bytes)
1751343357.958781 sending message 112 to peer 0x120048000 (13 bytes)
1751343357.958784 sending message 112 to peer 0x120048000 (7 bytes)
1751343357.958787 sending message 112 to peer 0x120048000 (13 bytes)
1751343357.958790 sending message 112 to peer 0x120048000 (9 bytes)
1751343357.958793 sending message 112 to peer 0x120048000 (21 bytes)
1751343357.958796 sending message 112 to peer 0x120048000 (13 bytes)
1751343357.958799 sending message 112 to peer 0x120048000 (8 bytes)
1751343357.958802 sending message 112 to peer 0x120048000 (12 bytes)
1751343357.958805 sending message 112 to peer 0x120048000 (13 bytes)
1751343357.958808 sending message 112 to peer 0x120048000 (9 bytes)
1751343357.958811 sending message 112 to peer 0x120048000 (9 bytes)
1751343357.958815 sending message 112 to peer 0x120048000 (12 bytes)
1751343357.958818 sending message 112 to peer 0x120048000 (8 bytes)
1751343357.958821 sending message 112 to peer 0x120048000 (8 bytes)
1751343357.958824 sending message 112 to peer 0x120048000 (7 bytes)
1751343357.958827 sending message 112 to peer 0x120048000 (7 bytes)
1751343357.958830 sending message 112 to peer 0x120048000 (9 bytes)
1751343357.958833 sending message 112 to peer 0x120048000 (13 bytes)
1751343357.958836 sending message 112 to peer 0x120048000 (6 bytes)
1751343357.958839 sending message 112 to peer 0x120048000 (9 bytes)
1751343357.958842 sending message 112 to peer 0x120048000 (15 bytes)
1751343357.958845 sending message 112 to peer 0x120048000 (13 bytes)
1751343357.958848 sending message 112 to peer 0x120048000 (12 bytes)
1751343357.958851 sending message 112 to peer 0x120048000 (8 bytes)
1751343357.958855 sending message 112 to peer 0x120048000 (14 bytes)
1751343357.958858 sending message 112 to peer 0x120048000 (11 bytes)
1751343357.958861 sending message 112 to peer 0x120048000 (9 bytes)
1751343357.958864 sending message 112 to peer 0x120048000 (10 bytes)
1751343357.958867 sending message 112 to peer 0x120048000 (10 bytes)
1751343357.958870 sending message 112 to peer 0x120048000 (10 bytes)
1751343357.958878 sending message 112 to peer 0x120048000 (10 bytes)
1751343357.958880 sending message 112 to peer 0x120048000 (11 bytes)
1751343357.958883 sending message 112 to peer 0x120048000 (12 bytes)
1751343357.958885 sending message 112 to peer 0x120048000 (12 bytes)
1751343357.958888 sending message 112 to peer 0x120048000 (12 bytes)
1751343357.958890 sending message 112 to peer 0x120048000 (12 bytes)
1751343357.958892 sending message 112 to peer 0x120048000 (12 bytes)
1751343357.958894 sending message 112 to peer 0x120048000 (11 bytes)
1751343357.958897 sending message 112 to peer 0x120048000 (11 bytes)
1751343357.958899 sending message 112 to peer 0x120048000 (12 bytes)
1751343357.958901 sending message 112 to peer 0x120048000 (12 bytes)
1751343357.958903 sending message 112 to peer 0x120048000 (12 bytes)
1751343357.958906 sending message 112 to peer 0x120048000 (12 bytes)
1751343357.958908 sending message 112 to peer 0x120048000 (12 bytes)
1751343357.958910 sending message 112 to peer 0x120048000 (10 bytes)
1751343357.958912 sending message 112 to peer 0x120048000 (12 bytes)
1751343357.958915 sending message 112 to peer 0x120048000 (13 bytes)
1751343357.958917 sending message 112 to peer 0x120048000 (13 bytes)
1751343357.958919 sending message 112 to peer 0x120048000 (13 bytes)
1751343357.958921 sending message 112 to peer 0x120048000 (13 bytes)
1751343357.958924 sending message 112 to peer 0x120048000 (13 bytes)
1751343357.958926 sending message 112 to peer 0x120048000 (8 bytes)
1751343357.958928 sending message 112 to peer 0x120048000 (11 bytes)
1751343357.958930 sending message 112 to peer 0x120048000 (11 bytes)
1751343357.958934 sending message 112 to peer 0x120048000 (11 bytes)
1751343357.958936 sending message 112 to peer 0x120048000 (12 bytes)
1751343357.958938 sending message 112 to peer 0x120048000 (12 bytes)
1751343357.958940 sending message 112 to peer 0x120048000 (12 bytes)
1751343357.958942 sending message 112 to peer 0x120048000 (12 bytes)
1751343357.958945 sending message 112 to peer 0x120048000 (13 bytes)
1751343357.958947 sending message 112 to peer 0x120048000 (13 bytes)
1751343357.958949 sending message 112 to peer 0x120048000 (13 bytes)
1751343357.958951 sending message 112 to peer 0x120048000 (8 bytes)
1751343357.958953 sending message 112 to peer 0x120048000 (13 bytes)
1751343357.958955 sending message 112 to peer 0x120048000 (13 bytes)
1751343357.958958 sending message 112 to peer 0x120048000 (13 bytes)
1751343357.958960 sending message 112 to peer 0x120048000 (13 bytes)
1751343357.958962 sending message 112 to peer 0x120048000 (13 bytes)
1751343357.958964 sending message 112 to peer 0x120048000 (12 bytes)
1751343357.958966 sending message 112 to peer 0x120048000 (12 bytes)
1751343357.958968 sending message 112 to peer 0x120048000 (12 bytes)
1751343357.958970 sending message 112 to peer 0x120048000 (12 bytes)
1751343357.958973 sending message 112 to peer 0x120048000 (13 bytes)
1751343357.958976 sending message 112 to peer 0x120048000 (8 bytes)
1751343357.958978 sending message 112 to peer 0x120048000 (13 bytes)
1751343357.958980 sending message 112 to peer 0x120048000 (13 bytes)
1751343357.958983 sending message 112 to peer 0x120048000 (13 bytes)
1751343357.958985 sending message 112 to peer 0x120048000 (13 bytes)
1751343357.958987 sending message 112 to peer 0x120048000 (13 bytes)
1751343357.958990 sending message 112 to peer 0x120048000 (13 bytes)
1751343357.958992 sending message 112 to peer 0x120048000 (13 bytes)
1751343357.958994 sending message 112 to peer 0x120048000 (12 bytes)
1751343357.958996 sending message 112 to peer 0x120048000 (12 bytes)
1751343357.958998 sending message 112 to peer 0x120048000 (12 bytes)
1751343357.959001 sending message 112 to peer 0x120048000 (8 bytes)
1751343357.959004 sending message 112 to peer 0x120048000 (12 bytes)
1751343357.959006 sending message 112 to peer 0x120048000 (13 bytes)
1751343357.959008 sending message 112 to peer 0x120048000 (13 bytes)
1751343357.959011 sending message 112 to peer 0x120048000 (13 bytes)
1751343357.959013 sending message 112 to peer 0x120048000 (13 bytes)
1751343357.959019 sending message 112 to peer 0x120048000 (13 bytes)
1751343357.959021 sending message 112 to peer 0x120048000 (13 bytes)
1751343357.959024 sending message 112 to peer 0x120048000 (13 bytes)
1751343357.959027 sending message 112 to peer 0x120048000 (13 bytes)
1751343357.959029 sending message 112 to peer 0x120048000 (12 bytes)
1751343357.959032 sending message 112 to peer 0x120048000 (10 bytes)
1751343357.959034 sending message 112 to peer 0x120048000 (12 bytes)
1751343357.959037 sending message 112 to peer 0x120048000 (12 bytes)
1751343357.959039 sending message 112 to peer 0x120048000 (12 bytes)
1751343357.959042 sending message 112 to peer 0x120048000 (13 bytes)
1751343357.959044 sending message 112 to peer 0x120048000 (13 bytes)
1751343357.959046 sending message 112 to peer 0x120048000 (13 bytes)
1751343357.959049 sending message 112 to peer 0x120048000 (13 bytes)
1751343357.959051 sending message 112 to peer 0x120048000 (13 bytes)
1751343357.959053 sending message 112 to peer 0x120048000 (13 bytes)
1751343357.959056 sending message 112 to peer 0x120048000 (13 bytes)
1751343357.959058 sending message 112 to peer 0x120048000 (10 bytes)
1751343357.959060 sending message 112 to peer 0x120048000 (13 bytes)
1751343357.959063 sending message 112 to peer 0x120048000 (12 bytes)
1751343357.959065 sending message 112 to peer 0x120048000 (12 bytes)
1751343357.959068 sending message 112 to peer 0x120048000 (12 bytes)
1751343357.959070 sending message 112 to peer 0x120048000 (10 bytes)
1751343357.959073 sending message 112 to peer 0x120048000 (10 bytes)
1751343357.959075 sending message 112 to peer 0x120048000 (10 bytes)
1751343357.959077 sending message 112 to peer 0x120048000 (12 bytes)
1751343357.959079 sending message 112 to peer 0x120048000 (13 bytes)
1751343357.959082 sending message 112 to peer 0x120048000 (13 bytes)
1751343357.959085 sending message 112 to peer 0x120048000 (13 bytes)
1751343357.959087 sending message 112 to peer 0x120048000 (13 bytes)
1751343357.959090 sending message 112 to peer 0x120048000 (13 bytes)
1751343357.959092 sending message 112 to peer 0x120048000 (11 bytes)
1751343357.959094 sending message 112 to peer 0x120048000 (11 bytes)
1751343357.959096 sending message 112 to peer 0x120048000 (12 bytes)
1751343357.959099 sending message 112 to peer 0x120048000 (12 bytes)
1751343357.959101 sending message 112 to peer 0x120048000 (12 bytes)
1751343357.959103 sending message 112 to peer 0x120048000 (12 bytes)
1751343357.959105 sending message 112 to peer 0x120048000 (12 bytes)
1751343357.959108 sending message 112 to peer 0x120048000 (11 bytes)
1751343357.959110 sending message 112 to peer 0x120048000 (12 bytes)
1751343357.959113 sending message 112 to peer 0x120048000 (12 bytes)
1751343357.959115 sending message 112 to peer 0x120048000 (13 bytes)
1751343357.959117 sending message 112 to peer 0x120048000 (13 bytes)
1751343357.959120 sending message 112 to peer 0x120048000 (13 bytes)
1751343357.959122 sending message 112 to peer 0x120048000 (13 bytes)
1751343357.959125 sending message 112 to peer 0x120048000 (13 bytes)
1751343357.959127 sending message 112 to peer 0x120048000 (10 bytes)
1751343357.959129 sending message 112 to peer 0x120048000 (9 bytes)
1751343357.959131 sending message 112 to peer 0x120048000 (12 bytes)
1751343357.959134 sending message 112 to peer 0x120048000 (13 bytes)
1751343357.959137 sending message 112 to peer 0x120048000 (13 bytes)
1751343357.959139 sending message 112 to peer 0x120048000 (13 bytes)
1751343357.959141 sending message 112 to peer 0x120048000 (13 bytes)
1751343357.959144 sending message 112 to peer 0x120048000 (13 bytes)
1751343357.959146 sending message 112 to peer 0x120048000 (9 bytes)
1751343357.959149 sending message 112 to peer 0x120048000 (12 bytes)
1751343357.959151 sending message 112 to peer 0x120048000 (13 bytes)
1751343357.959154 sending message 112 to peer 0x120048000 (13 bytes)
1751343357.959156 sending message 112 to peer 0x120048000 (13 bytes)
1751343357.959158 sending message 112 to peer 0x120048000 (13 bytes)
1751343357.959163 sending message 112 to peer 0x120048000 (13 bytes)
1751343357.959167 sending message 112 to peer 0x120048000 (11 bytes)
1751343357.959169 sending message 112 to peer 0x120048000 (12 bytes)
1751343357.959172 sending message 112 to peer 0x120048000 (13 bytes)
1751343357.959174 sending message 112 to peer 0x120048000 (13 bytes)
1751343357.959176 sending message 112 to peer 0x120048000 (13 bytes)
1751343357.959178 sending message 112 to peer 0x120048000 (13 bytes)
1751343357.959181 sending message 112 to peer 0x120048000 (13 bytes)
1751343357.959183 sending message 112 to peer 0x120048000 (11 bytes)
1751343357.959186 sending message 112 to peer 0x120048000 (12 bytes)
1751343357.959188 sending message 112 to peer 0x120048000 (12 bytes)
1751343357.959190 sending message 112 to peer 0x120048000 (12 bytes)
1751343357.959192 sending message 112 to peer 0x120048000 (12 bytes)
1751343357.959195 sending message 112 to peer 0x120048000 (12 bytes)
1751343357.959197 sending message 112 to peer 0x120048000 (21 bytes)
1751343357.959199 sending message 112 to peer 0x120048000 (12 bytes)
1751343357.959201 sending message 112 to peer 0x120048000 (9 bytes)
1751343357.959204 sending message 112 to peer 0x120048000 (6 bytes)
1751343357.959206 sending message 112 to peer 0x120048000 (13 bytes)
1751343357.959208 sending message 112 to peer 0x120048000 (8 bytes)
1751343357.959210 sending message 112 to peer 0x120048000 (15 bytes)
1751343357.959213 sending message 112 to peer 0x120048000 (13 bytes)
1751343357.959215 sending message 112 to peer 0x120048000 (9 bytes)
1751343357.959217 sending message 112 to peer 0x120048000 (70 bytes)
1751343357.959220 sending message 112 to peer 0x120048000 (69 bytes)
1751343357.959222 sending message 112 to peer 0x120048000 (10 bytes)
1751343357.959225 sending message 112 to peer 0x120048000 (10 bytes)
1751343357.959227 sending message 112 to peer 0x120048000 (8 bytes)
1751343357.959229 sending message 112 to peer 0x120048000 (15 bytes)
1751343357.959231 sending message 112 to peer 0x120048000 (13 bytes)
1751343357.959233 sending message 112 to peer 0x120048000 (10 bytes)
1751343357.959235 sending message 112 to peer 0x120048000 (10 bytes)
1751343357.959238 sending message 112 to peer 0x120048000 (17 bytes)
1751343357.959240 sending message 112 to peer 0x120048000 (10 bytes)
1751343357.959243 sending message 112 to peer 0x120048000 (13 bytes)
1751343357.959245 sending message 112 to peer 0x120048000 (9 bytes)
1751343357.959247 sending message 112 to peer 0x120048000 (5 bytes)
1751343357.959249 sending message 112 to peer 0x120048000 (15 bytes)
1751343357.959252 sending message 104 to peer 0x120048000 (0 bytes)
1751343357.959255 sending message 110 to peer 0x120048000 (0 bytes)
1751343357.959257 sending message 107 to peer 0x120048000 (4 bytes)
1751343357.959259 sending message 105 to peer 0x120048000 (83 bytes)
1751343357.959261 sending message 105 to peer 0x120048000 (87 bytes)
1751343357.959264 sending message 105 to peer 0x120048000 (31 bytes)
1751343357.959266 sending message 105 to peer 0x120048000 (20 bytes)
1751343357.959268 sending message 105 to peer 0x120048000 (22 bytes)
1751343357.959270 sending message 105 to peer 0x120048000 (27 bytes)
1751343357.959272 sending message 105 to peer 0x120048000 (37 bytes)
1751343357.959275 sending message 105 to peer 0x120048000 (30 bytes)
1751343357.959277 sending message 105 to peer 0x120048000 (34 bytes)
1751343357.959279 sending message 105 to peer 0x120048000 (60 bytes)
1751343357.959281 sending message 105 to peer 0x120048000 (74 bytes)
1751343357.959283 sending message 105 to peer 0x120048000 (64 bytes)
1751343357.959285 sending message 105 to peer 0x120048000 (15 bytes)
1751343357.959287 sending message 105 to peer 0x120048000 (8 bytes)
1751343357.959289 sending message 105 to peer 0x120048000 (23 bytes)
1751343357.959292 sending message 105 to peer 0x120048000 (32 bytes)
1751343357.959294 sending message 105 to peer 0x120048000 (96 bytes)
1751343357.959296 sending message 105 to peer 0x120048000 (66 bytes)
1751343357.959302 sending message 105 to peer 0x120048000 (62 bytes)
1751343357.959305 sending message 105 to peer 0x120048000 (16 bytes)
1751343357.959307 sending message 105 to peer 0x120048000 (35 bytes)
1751343357.959309 sending message 105 to peer 0x120048000 (71 bytes)
1751343357.959311 sending message 105 to peer 0x120048000 (47 bytes)
1751343357.959314 sending message 105 to peer 0x120048000 (12 bytes)
1751343357.959316 sending message 105 to peer 0x120048000 (11 bytes)
1751343357.959318 sending message 105 to peer 0x120048000 (736 bytes)
1751343357.959320 sending message 105 to peer 0x120048000 (39 bytes)
1751343357.959323 sending message 105 to peer 0x120048000 (46 bytes)
1751343357.959325 sending message 105 to peer 0x120048000 (63 bytes)
1751343357.959327 sending message 105 to peer 0x120048000 (41 bytes)
1751343357.959331 sending message 105 to peer 0x120048000 (28 bytes)
1751343357.959334 sending message 105 to peer 0x120048000 (15 bytes)
1751343357.959336 sending message 105 to peer 0x120048000 (8 bytes)
1751343357.959338 sending message 105 to peer 0x120048000 (66 bytes)
1751343357.959340 sending message 105 to peer 0x120048000 (19 bytes)
1751343357.959342 sending message 105 to peer 0x120048000 (18 bytes)
1751343357.959345 sending message 105 to peer 0x120048000 (26 bytes)
1751343357.959347 sending message 105 to peer 0x120048000 (57 bytes)
1751343357.959349 sending message 105 to peer 0x120048000 (43 bytes)
1751343357.959351 sending message 105 to peer 0x120048000 (13 bytes)
1751343357.959353 sending message 105 to peer 0x120048000 (62 bytes)
1751343357.959355 sending message 105 to peer 0x120048000 (20 bytes)
1751343357.959358 sending message 105 to peer 0x120048000 (20 bytes)
1751343357.959360 sending message 105 to peer 0x120048000 (14 bytes)
1751343357.959362 sending message 105 to peer 0x120048000 (19 bytes)
1751343357.959364 sending message 105 to peer 0x120048000 (37 bytes)
1751343357.959366 sending message 105 to peer 0x120048000 (26 bytes)
1751343357.959369 sending message 105 to peer 0x120048000 (22 bytes)
1751343357.959371 sending message 105 to peer 0x120048000 (35 bytes)
1751343357.959373 sending message 105 to peer 0x120048000 (32 bytes)
1751343357.959375 sending message 105 to peer 0x120048000 (10 bytes)
1751343357.959377 sending message 105 to peer 0x120048000 (25 bytes)
1751343357.959380 sending message 106 to peer 0x120048000 (0 bytes)
1751343357.959426 sending message 200 to peer 0x120048000 (4 bytes)
1751343357.959429 client loop enter
1751343357.959602 peer 0x120048000 message 303
1751343357.959607 open write file 2 -
1751343357.959617 sending message 305 to peer 0x120048000 (8 bytes)
1751343357.959626 write check file 2
1751343357.959638 peer 0x120048000 message 304
1751343357.959640 write 58 to file 2
1751343357.959643 peer 0x120048000 message 203
1751343357.959646 file 2 58 bytes left
1751343357.959654 write check file 2
1751343357.959656 client loop exit
